<?xml version="1.0" encoding="UTF-8" ?>
<testsuite tests="5" failures="0" name="TestEvent" time="0.737" errors="0" skipped="0">
  <properties>
[...]
</properties>
  <testcase classname="TestEvent" name="deleteEvent" time="0.711"/>
  <testcase classname="TestEvent" name="findbyId" time="0.011"/>
  <testcase classname="TestEvent" name="updateUser" time="0.004"/>
  <testcase classname="TestEvent" name="findbyDate" time="0.005"/>
  <testcase classname="TestEvent" name="findbyName" time="0.006"/>
</testsuite>